0 info it worked if it ends with ok
1 verbose cli [ '/usr/bin/nodejs', '/usr/bin/npm', 'start' ]
2 info using npm@3.5.2
3 info using node@v4.2.6
4 verbose run-script [ 'prestart', 'start', 'poststart' ]
5 info lifecycle startbootstrap-clean-blog@5.0.8~prestart: startbootstrap-clean-blog@5.0.8
6 silly lifecycle startbootstrap-clean-blog@5.0.8~prestart: no script for prestart, continuing
7 info lifecycle startbootstrap-clean-blog@5.0.8~start: startbootstrap-clean-blog@5.0.8
8 verbose lifecycle startbootstrap-clean-blog@5.0.8~start: unsafe-perm in lifecycle true
9 verbose lifecycle startbootstrap-clean-blog@5.0.8~start: PATH: /usr/share/npm/bin/node-gyp-bin:/mnt/c/Users/spenc/csfiles/personal-website/node_modules/.bin:/usr/local/sbin:/usr/local/bin:/usr/sbin:/usr/bin:/sbin:/bin:/usr/games:/usr/local/games:/mnt/c/Program Files/Haskell/bin:/mnt/c/Program Files/Haskell Platform/8.6.5/lib/extralibs/bin:/mnt/c/Program Files/Haskell Platform/8.6.5/bin:/mnt/c/Program Files (x86)/Common Files/Oracle/Java/javapath:/mnt/c/ProgramData/Oracle/Java/javapath:/mnt/c/Program Files (x86)/NVIDIA Corporation/PhysX/Common:/mnt/c/WINDOWS/system32:/mnt/c/WINDOWS:/mnt/c/WINDOWS/System32/Wbem:/mnt/c/WINDOWS/System32/WindowsPowerShell/v1.0/:/mnt/c/Program Files/TDM-GCC/bin:/mnt/c/Program Files/Git/cmd:/mnt/c/WINDOWS/System32/OpenSSH/:/mnt/c/Program Files/Haskell Platform/8.6.5/mingw/bin:/mnt/c/Users/spenc/AppData/Roaming/cabal/bin:/mnt/c/Users/spenc/AppData/Roaming/local/bin:/mnt/c/Users/spenc/AppData/Local/Microsoft/WindowsApps:/mnt/c/Users/spenc/AppData/Local/Microsoft/WindowsApps:/mnt/c/Users/spenc/AppData/Local/Programs/Microsoft VS Code/bin:/mnt/c/Users/spenc/AppData/Local/Programs/MiKTeX 2.9/miktex/bin/x64/:/mnt/c/src/flutter/bin:/mnt/c/Users/spenc/AppData/Local/hyper/app-3.0.2/resources/bin
10 verbose lifecycle startbootstrap-clean-blog@5.0.8~start: CWD: /mnt/c/Users/spenc/csfiles/personal-website
11 silly lifecycle startbootstrap-clean-blog@5.0.8~start: Args: [ '-c', 'gulp watch' ]
12 info lifecycle startbootstrap-clean-blog@5.0.8~start: Failed to exec start script
13 verbose stack Error: startbootstrap-clean-blog@5.0.8 start: `gulp watch`
13 verbose stack spawn ENOENT
13 verbose stack     at ChildProcess.<anonymous> (/usr/share/npm/lib/utils/spawn.js:17:16)
13 verbose stack     at emitTwo (events.js:87:13)
13 verbose stack     at ChildProcess.emit (events.js:172:7)
13 verbose stack     at maybeClose (internal/child_process.js:821:16)
13 verbose stack     at Process.ChildProcess._handle.onexit (internal/child_process.js:211:5)
14 verbose pkgid startbootstrap-clean-blog@5.0.8
15 verbose cwd /mnt/c/Users/spenc/csfiles/personal-website
16 error Linux 4.4.0-18362-Microsoft
17 error argv "/usr/bin/nodejs" "/usr/bin/npm" "start"
18 error node v4.2.6
19 error npm  v3.5.2
20 error file sh
21 error code ELIFECYCLE
22 error errno ENOENT
23 error syscall spawn
24 error startbootstrap-clean-blog@5.0.8 start: `gulp watch`
24 error spawn ENOENT
25 error Failed at the startbootstrap-clean-blog@5.0.8 start script 'gulp watch'.
25 error Make sure you have the latest version of node.js and npm installed.
25 error If you do, this is most likely a problem with the startbootstrap-clean-blog package,
25 error not with npm itself.
25 error Tell the author that this fails on your system:
25 error     gulp watch
25 error You can get information on how to open an issue for this project with:
25 error     npm bugs startbootstrap-clean-blog
25 error Or if that isn't available, you can get their info via:
25 error     npm owner ls startbootstrap-clean-blog
25 error There is likely additional logging output above.
26 verbose exit [ 1, true ]
